

 SAP2000 v20.2.0 Ultimate 64-bit (Analysis Build 9663/64)
 File: C:\Users\david\Desktop\Analisis Avanzado\Python\SapsVarios\tarea 6 3.LOG




 B E G I N   A N A L Y S I S                                2020/05/07  21:44:41


 RUNNING ANALYSIS WITHIN THE GUI PROCESS
 USING THE ADVANCED SOLVER (PROVIDES LIMITED INSTABILITY INFORMATION)

 NUMBER OF JOINTS                          =           8
    WITH RESTRAINTS                        =           5
 NUMBER OF FRAME/CABLE/TENDON ELEMENTS     =           8
 NUMBER OF LOAD PATTERNS                   =           1
 NUMBER OF ACCELERATION LOADS              =           9
 NUMBER OF LOAD CASES                      =           1

 ADDRESSABLE PHYSICAL MEMORY (RAM)         =       7.879 GB

 PARALLELIZATION OF ANALYSIS OPERATIONS:
 (Env. variable SAPFIRE_NUM_THREADS        =           0)
 NUMBER OF THREADS: STATE (AUTOMATIC)      =           4
 NUMBER OF THREADS: STIFFNESS (AUTOMATIC)  =           4
 NUMBER OF THREADS: EVENT (AUTOMATIC)      =           4
 NUMBER OF THREADS: MOVE (AUTOMATIC)       =           4
 NUMBER OF THREADS: RESPONSE (AUTOMATIC)   =           4
 NUMBER OF THREADS: SOLVE (AUTOMATIC)      =           4
 NUMBER OF THREADS: FORM (AUTOMATIC)       =           4


 N O N L I N E A R   S T A T I C   A N A L Y S I S                      21:44:41

 CASE: DEAD

 STARTING FROM ZERO (UNSTRESSED) INITIAL CONDITIONS

 LOAD CONTROL TYPE                         = DISPLACEMENT
 SAVE POSITIVE INCREMENTS ONLY             =         YES
 TYPE OF GEOMETRIC NONLINEARITY            = LARGE DISPLACEMENT AND P-DELTA
 USE EVENT STEPPING                        =         YES
 USE ITERATION                             =         YES
 USE LINE SEARCH                           =          NO
 EVENT LUMPING TOLERANCE                   =    0.010000
 FORCE CONVERGENCE TOLERANCE (RELATIVE)    =    0.000100


 E L E M E N T   F O R M A T I O N                                      21:44:41


 Negative iterations are Constant-Stiffness
 Positive iterations are Newton-Raphson

  Saved    Null   Total  Iteration   Relative  Curr Step   Curr Sum    Max Sum
  Steps   Steps   Steps  this Step  Unbalance       Size   of Steps   of Steps
 (  100      50     200     -10/40   1.000000   0.010000   1.000000   1.000000)

      1       0       1  Conv   -1   0.230646   0.010000   0.010000   0.010000
      2       0       2  Conv   -1   0.461913   0.010000   0.020000   0.020000
      3       0       3  Conv   -1   0.693998   0.010000   0.030000   0.030000
      4       0       4  Conv   -1   0.927087   0.010000   0.040000   0.040000
      4       0       5         -1   1.161352   0.010000   0.040000   0.040000
      5       0       5  Conv   -2   0.001543   0.010000   0.050000   0.050000
      6       0       6  Conv   -1   0.236747   0.010000   0.060000   0.060000
      7       0       7  Conv   -1   0.475089   0.010000   0.070000   0.070000
      8       0       8  Conv   -1   0.715322   0.010000   0.080000   0.080000
      9       0       9  Conv   -1   0.957554   0.010000   0.090000   0.090000
      9       0      10         -1   1.201886   0.010000   0.090000   0.090000
     10       0      10  Conv   -2   0.002267   0.010000   0.100000   0.100000
     11       0      11  Conv   -1   0.112243   0.006498   0.106498   0.106498
     11       0      12  Conv   -1   0.141237   0.003308   0.109806   0.109806
     11       0      13  Conv   -1   0.380133   0.010000   0.119806   0.119806
     12       0      14  Conv   -1   0.627312   0.010000   0.129806   0.129806
     13       0      15  Conv   -1   0.875360   0.010000   0.139806   0.139806
     13       0      16         -1   1.123374   0.010000   0.139806   0.139806
     14       0      16  Conv   -2   0.000762   0.010000   0.149806   0.149806
     15       0      17  Conv   -1   0.248232   0.010000   0.159806   0.159806
     16       0      18  Conv   -1   0.495762   0.010000   0.169806   0.169806
     17       0      19  Conv   -1   0.742841   0.010000   0.179806   0.179806
     18       0      20  Conv   -1   0.989478   0.010000   0.189806   0.189806
     18       0      21         -1   1.235678   0.010000   0.189806   0.189806
     19       0      21  Conv   -2   0.001680   0.010000   0.199806   0.199806
     20       0      22  Conv   -1   0.246170   0.010000   0.209806   0.209806
     21       0      23  Conv   -1   0.491588   0.010000   0.219806   0.219806
     22       0      24  Conv   -1   0.736606   0.010000   0.229806   0.229806
     23       0      25  Conv   -1   0.981227   0.010000   0.239806   0.239806
     23       0      26         -1   1.225455   0.010000   0.239806   0.239806
     24       0      26  Conv   -2   0.002001   0.010000   0.249806   0.249806
     25       0      27  Conv   -1   0.244314   0.010000   0.259806   0.259806
     26       0      28  Conv   -1   0.487828   0.010000   0.269806   0.269806
     27       0      29  Conv   -1   0.730980   0.010000   0.279806   0.279806
     28       0      30  Conv   -1   0.973769   0.010000   0.289806   0.289806
     28       0      31         -1   1.216199   0.010000   0.289806   0.289806
     29       0      31  Conv   -2   0.002294   0.010000   0.299806   0.299806
     30       0      32  Conv   -1   0.242629   0.010000   0.309806   0.309806
     31       0      33  Conv   -1   0.484397   0.010000   0.319806   0.319806
     32       0      34  Conv   -1   0.725830   0.010000   0.329806   0.329806
     32       0      35         -1   1.024712   0.010000   0.329806   0.329806
     33       0      35  Conv   -2   0.004574   0.010000   0.339806   0.339806
     34       0      36  Conv   -1   0.238227   0.010000   0.349806   0.349806
     35       0      37  Conv   -1   0.476547   0.010000   0.359806   0.359806
     36       0      38  Conv   -1   0.714526   0.010000   0.369806   0.369806
     37       0      39  Conv   -1   0.952154   0.010000   0.379806   0.379806
     37       0      40         -1   1.189428   0.010000   0.379806   0.379806
     38       0      40  Conv   -2   0.004787   0.010000   0.389806   0.389806
     39       0      41  Conv   -1   0.237747   0.010000   0.399806   0.399806
     40       0      42  Conv   -1   0.474294   0.010000   0.409806   0.409806
     41       0      43  Conv   -1   0.710504   0.010000   0.419806   0.419806
     42       0      44  Conv   -1   0.946367   0.010000   0.429806   0.429806
     42       0      45         -1   1.181879   0.010000   0.429806   0.429806
     43       0      45  Conv   -2   0.005230   0.010000   0.439806   0.439806
     44       0      46  Conv   -1   0.236091   0.010000   0.449806   0.449806
     45       0      47  Conv   -1   0.470871   0.010000   0.459806   0.459806
     46       0      48  Conv   -1   0.705320   0.010000   0.469806   0.469806
     47       0      49  Conv   -1   0.939426   0.010000   0.479806   0.479806
     47       0      50         -1   1.173185   0.010000   0.479806   0.479806
     48       0      50  Conv   -2   0.005658   0.010000   0.489806   0.489806
     49       0      51  Conv   -1   0.234456   0.010000   0.499806   0.499806
     50       0      52  Conv   -1   0.467486   0.010000   0.509806   0.509806
     51       0      53  Conv   -1   0.700192   0.010000   0.519806   0.519806
     52       0      54  Conv   -1   0.932559   0.010000   0.529806   0.529806
     52       0      55         -1   1.164584   0.010000   0.529806   0.529806
     53       0      55  Conv   -2   0.006080   0.010000   0.539806   0.539806
     54       0      56  Conv   -1   0.232846   0.010000   0.549806   0.549806
     55       0      57  Conv   -1   0.464144   0.010000   0.559806   0.559806
     56       0      58  Conv   -1   0.695126   0.010000   0.569806   0.569806
     57       0      59  Conv   -1   0.925775   0.010000   0.579806   0.579806
     57       0      60         -1   1.156087   0.010000   0.579806   0.579806
     58       0      60  Conv   -2   0.006494   0.010000   0.589806   0.589806
     59       0      61  Conv   -1   0.231261   0.010000   0.599806   0.599806
     60       0      62  Conv   -1   0.460849   0.010000   0.609806   0.609806
     61       0      63  Conv   -1   0.690130   0.010000   0.619806   0.619806
     62       0      64  Conv   -1   0.887063   0.009286   0.629092   0.629092
     62       0      65         -1   1.109431   0.010000   0.629092   0.629092
     62       0      65  Conv   -2   0.009399   0.010000   0.639092   0.639092
     63       0      66  Conv   -1   0.230985   0.010000   0.649092   0.649092
     64       0      67  Conv   -1   0.459888   0.010000   0.659092   0.659092
     65       0      68  Conv   -1   0.688654   0.010000   0.669092   0.669092
     66       0      69  Conv   -1   0.917240   0.010000   0.679092   0.679092
     66       0      70         -1   1.145637   0.010000   0.679092   0.679092
     67       0      70  Conv   -2   0.032817   0.010000   0.689092   0.689092
     68       0      71  Conv   -1   0.163797   0.007120   0.696212   0.696212
     68       0      72  Conv   -1   0.700454   0.010000   0.706212   0.706212
     68       0      73         -1   1.243946   0.010000   0.706212   0.706212
     69       0      73  Conv   -2   0.058987   0.010000   0.716212   0.716212
     70       0      74  Conv   -1   0.588249   0.010000   0.726212   0.726212
     70       0      75         -1   1.123449   0.010000   0.726212   0.726212
     71       0      75  Conv   -2   0.054986   0.010000   0.736212   0.736212
     72       0      76  Conv   -1   0.576217   0.010000   0.746212   0.746212
     72       0      77         -1   1.102938   0.010000   0.746212   0.746212
     73       0      77  Conv   -2   0.052982   0.010000   0.756212   0.756212
     74       0      78  Conv   -1   0.566002   0.010000   0.766212   0.766212
     74       0      79         -1   1.084480   0.010000   0.766212   0.766212
     75       0      79  Conv   -2   0.051226   0.010000   0.776212   0.776212
     76       0      80  Conv   -1   0.556253   0.010000   0.786212   0.786212
     76       0      81         -1   1.066726   0.010000   0.786212   0.786212
     77       0      81  Conv   -2   0.049546   0.010000   0.796212   0.796212
     78       0      82  Conv   -1   0.546810   0.010000   0.806212   0.806212
     78       0      83         -1   1.049510   0.010000   0.806212   0.806212
     79       0      83  Conv   -2   0.047928   0.010000   0.816212   0.816212
     80       0      84  Conv   -1   0.537652   0.010000   0.826212   0.826212
     80       0      85         -1   1.032802   0.010000   0.826212   0.826212
     81       0      85  Conv   -2   0.046369   0.010000   0.836212   0.836212
     82       0      86  Conv   -1   0.528770   0.010000   0.846212   0.846212
     82       0      87         -1   1.016586   0.010000   0.846212   0.846212
     83       0      87  Conv   -2   0.044866   0.010000   0.856212   0.856212
     84       0      88  Conv   -1   0.520152   0.010000   0.866212   0.866212
     84       0      89         -1   1.000842   0.010000   0.866212   0.866212
     85       0      89  Conv   -2   0.043417   0.010000   0.876212   0.876212
     86       0      90  Conv   -1   0.511790   0.010000   0.886212   0.886212
     87       0      91  Conv   -1   0.985555   0.010000   0.896212   0.896212
     87       0      92         -1   1.456130   0.010000   0.896212   0.896212
     88       0      92  Conv   -2   0.061228   0.010000   0.906212   0.906212
     89       0      93  Conv   -1   0.515556   0.010000   0.916212   0.916212
     90       0      94  Conv   -1   0.979104   0.010000   0.926212   0.926212
     90       0      95         -1   1.439713   0.010000   0.926212   0.926212
     91       0      95  Conv   -2   0.059526   0.010000   0.936212   0.936212
     92       0      96  Conv   -1   0.504131   0.010000   0.946212   0.946212
     93       0      97  Conv   -1   0.958062   0.010000   0.956212   0.956212
     93       0      98         -1   1.409181   0.010000   0.956212   0.956212
     94       0      98  Conv   -2   0.056771   0.010000   0.966212   0.966212
     95       0      99  Conv   -1   0.492237   0.010000   0.976212   0.976212
     96       0     100  Conv   -1   0.936960   0.010000   0.986212   0.986212
     96       0     101         -1   1.378984   0.010000   0.986212   0.986212
     97       0     101  Conv   -2   0.054094   0.010000   0.996212   0.996212
     98       0     102  Conv   -1   0.196905   0.003788   1.000000   1.000000

 NUMBER OF STIFFNESS FORMATIONS/SOLUTIONS  =         102

 TIME FOR INITIALIZING ANALYSIS            =        0.00
 TIME FOR CONTROLLING ANALYSIS             =        0.00
 TIME FOR UPDATING LOADS AND STATE         =        0.04
 TIME FOR FORMING STIFFNESS MATRIX         =        0.00
 TIME FOR SOLVING STIFFNESS MATRIX         =        0.18
 TIME FOR CALCULATING DISPLACEMENTS        =        0.04
 TIME FOR DETERMINING EVENTS               =        0.00
 TIME FOR SAVING RESULTS                   =        0.00
                                               ----------
 TOTAL TIME FOR THIS ANALYSIS              =        0.26


 A N A L Y S I S   C O M P L E T E                          2020/05/07  21:44:41
