

 SAP2000 v22.0.0 Ultimate 64-bit (Analysis Build 9780/64)
 File: C:\Users\david\Desktop\Analisis Avanzado\Python\SapsVarios\TAREA4_2_b.LOG




 B E G I N   A N A L Y S I S                                2020/03/29  22:41:16


 RUNNING ANALYSIS WITHIN THE GUI PROCESS
 USING THE ADVANCED SOLVER (PROVIDES LIMITED INSTABILITY INFORMATION)

 NUMBER OF JOINTS                          =           4
    WITH RESTRAINTS                        =           2
 NUMBER OF FRAME/CABLE/TENDON ELEMENTS     =           3
 NUMBER OF LOAD PATTERNS                   =           1
 NUMBER OF ACCELERATION LOADS              =           9
 NUMBER OF LOAD CASES                      =           1

 ADDRESSABLE PHYSICAL MEMORY (RAM)         =       7.879 GB

 PARALLELIZATION OF ANALYSIS OPERATIONS:
 (Env. variable SAPFIRE_NUM_THREADS        =           0)
 NUMBER OF THREADS: STATE (AUTOMATIC)      =           4
 NUMBER OF THREADS: STIFFNESS (AUTOMATIC)  =           4
 NUMBER OF THREADS: EVENT (AUTOMATIC)      =           4
 NUMBER OF THREADS: MOVE (AUTOMATIC)       =           4
 NUMBER OF THREADS: RESPONSE (AUTOMATIC)   =           4
 NUMBER OF THREADS: SOLVE (AUTOMATIC)      =           4
 NUMBER OF THREADS: FORM (AUTOMATIC)       =           4


 N O N L I N E A R   S T A T I C   A N A L Y S I S                      22:41:16

 CASE: CARGA

 STARTING FROM ZERO (UNSTRESSED) INITIAL CONDITIONS

 LOAD CONTROL TYPE                         =       FORCE
 TYPE OF GEOMETRIC NONLINEARITY            =     P-DELTA
 USE EVENT STEPPING                        =         YES
 USE ITERATION                             =         YES
 USE LINE SEARCH                           =          NO
 EVENT LUMPING TOLERANCE                   =    0.010000
 FORCE CONVERGENCE TOLERANCE (RELATIVE)    =    0.000100


 E L E M E N T   F O R M A T I O N                                      22:41:16


 Negative iterations are Constant-Stiffness
 Positive iterations are Newton-Raphson

  Saved    Null   Total  Iteration   Relative  Curr Step   Curr Sum    Max Sum
  Steps   Steps   Steps  this Step  Unbalance       Size   of Steps   of Steps
 (    1      50     200     -10/40   1.000000   1.000000   1.000000   1.000000)

      0       0       1         -1  99.638576   1.000000    .000000    .000000
      0       0       1         -2   6.573538   1.000000    .000000    .000000
      0       0       1  Conv   -3   0.404759   1.000000   1.000000   1.000000

 ----------------------------------------
 BASIC STABILITY CHECK FOR FORCE-CONTROLLED NONLINEAR STATIC LOAD CASES:
    NUMBER OF NEGATIVE STIFFNESS EIGENVALUES SHOULD BE ZERO FOR STABILITY.
    (NOTE: FURTHER CHECKS SHOULD BE CONSIDERED AS DEEMED NECESSARY)

    NUMBER FOUND AT FINAL CONVERGED STATE  =           0,  OK.
 ----------------------------------------

 NUMBER OF STIFFNESS FORMATIONS/SOLUTIONS  =           2

 TIME FOR INITIALIZING ANALYSIS            =        0.00
 TIME FOR CONTROLLING ANALYSIS             =        0.01
 TIME FOR UPDATING LOADS AND STATE         =        0.00
 TIME FOR FORMING STIFFNESS MATRIX         =        0.00
 TIME FOR SOLVING STIFFNESS MATRIX         =        0.00
 TIME FOR CALCULATING DISPLACEMENTS        =        0.00
 TIME FOR DETERMINING EVENTS               =        0.00
 TIME FOR SAVING RESULTS                   =        0.02
                                               ----------
 TOTAL TIME FOR THIS ANALYSIS              =        0.03


 A N A L Y S I S   C O M P L E T E                          2020/03/29  22:41:16
