

 SAP2000 v20.2.0 Ultimate 64-bit (Analysis Build 9663/64)
 File: C:\Users\david\Desktop\Analisis Avanzado\Python\SapsVarios\TAREA4_1_b.LOG




 B E G I N   A N A L Y S I S                                2020/04/19  12:14:14


 RUNNING ANALYSIS WITHIN THE GUI PROCESS
 USING THE ADVANCED SOLVER (PROVIDES LIMITED INSTABILITY INFORMATION)

 NUMBER OF JOINTS                          =           6
    WITH RESTRAINTS                        =           4
 NUMBER OF FRAME/CABLE/TENDON ELEMENTS     =           4
 NUMBER OF CONSTRAINTS/WELDS               =           1
 NUMBER OF LOAD PATTERNS                   =           2
 NUMBER OF ACCELERATION LOADS              =           9
 NUMBER OF LOAD CASES                      =           7

 ADDRESSABLE PHYSICAL MEMORY (RAM)         =       7.879 GB

 PARALLELIZATION OF ANALYSIS OPERATIONS:
 (Env. variable SAPFIRE_NUM_THREADS        =           0)
 NUMBER OF THREADS: STATE (AUTOMATIC)      =           4
 NUMBER OF THREADS: STIFFNESS (AUTOMATIC)  =           4
 NUMBER OF THREADS: EVENT (AUTOMATIC)      =           4
 NUMBER OF THREADS: MOVE (AUTOMATIC)       =           4
 NUMBER OF THREADS: RESPONSE (AUTOMATIC)   =           4
 NUMBER OF THREADS: SOLVE (AUTOMATIC)      =           4
 NUMBER OF THREADS: FORM (AUTOMATIC)       =           4


 E L E M E N T   F O R M A T I O N                                      12:14:14


 NUMBER OF COUPLED CONSTRAINT EQUATIONS    =           0


 L I N E A R   E Q U A T I O N   S O L U T I O N                        12:14:14

 FORMING STIFFNESS AT ZERO (UNSTRESSED) INITIAL CONDITIONS

 TOTAL NUMBER OF EQUILIBRIUM EQUATIONS     =           5
 NUMBER OF NON-ZERO STIFFNESS TERMS        =          11

 * * * W A R N I N G * * *
 THE STRUCTURE IS UNSTABLE OR ILL-CONDITIONED !!
 CHECK THE STRUCTURE CAREFULLY FOR:
 - INADEQUATE SUPPORT CONDITIONS, OR
 - ONE OR MORE INTERNAL MECHANISMS, OR
 - ZERO OR NEGATIVE STIFFNESS PROPERTIES, OR
 - EXTREMELY LARGE STIFFNESS PROPERTIES, OR
 - BUCKLING DUE TO P-DELTA OR GEOMETRIC NONLINEARITY, OR
 - A FREQUENCY SHIFT (IF ANY) ONTO A NATURAL FREQUENCY

 TO OBTAIN FURTHER INFORMATION:
 - USE THE STANDARD SOLVER, OR
 - RUN AN EIGEN ANALYSIS USING AUTO FREQUENCY SHIFTING (WITH
   ADDITIONAL MASS IF NEEDED) AND INVESTIGATE THE MODE SHAPES


 ---------------------------------
 BASIC STABILITY CHECK FOR LINEAR LOAD CASES:
    NUMBER OF NEGATIVE STIFFNESS EIGENVALUES SHOULD BE ZERO FOR STABILITY.
    (NOTE: FURTHER CHECKS SHOULD BE CONSIDERED AS DEEMED NECESSARY,
     SUCH AS REVIEWING EIGEN MODES FOR MECHANISMS AND RIGID-BODY MOTION)

    NUMBER OF NEGATIVE EIGENVALUES         =           0,  OK.
 ---------------------------------


 L I N E A R   S T A T I C   C A S E S                                  12:14:14

 USING STIFFNESS AT ZERO (UNSTRESSED) INITIAL CONDITIONS

 TOTAL NUMBER OF CASES TO SOLVE            =           2
 NUMBER OF CASES TO SOLVE PER BLOCK        =           2

 LINEAR STATIC CASES TO BE SOLVED:

 CASE: FB-EL
 CASE: FB+Q0-EL


 N O N L I N E A R   S T A T I C   A N A L Y S I S                      12:14:14

 CASE: FB-CR

 STARTING FROM ZERO (UNSTRESSED) INITIAL CONDITIONS

 LOAD CONTROL TYPE                         = CONJUGATE DISPLACEMENT
 SAVE POSITIVE INCREMENTS ONLY             =          NO
 TYPE OF GEOMETRIC NONLINEARITY            = LARGE DISPLACEMENT AND P-DELTA
 USE EVENT STEPPING                        =         YES
 USE ITERATION                             =         YES
 USE LINE SEARCH                           =          NO
 EVENT LUMPING TOLERANCE                   =    0.010000
 FORCE CONVERGENCE TOLERANCE (RELATIVE)    =    0.000100

 Negative iterations are Constant-Stiffness
 Positive iterations are Newton-Raphson

  Saved    Null   Total  Iteration   Relative  Curr Step   Curr Sum    Max Sum
  Steps   Steps   Steps  this Step  Unbalance       Size   of Steps   of Steps
 (  100      50     200     -10/40   1.000000   0.010000   1.000000   1.000000)

      1       0       1  Conv   -1   0.108990   0.010000   0.010000   0.010000
      2       0       2  Conv   -1   0.215298   0.010000   0.020000   0.020000
      3       0       3  Conv   -1   0.318935   0.010000   0.030000   0.030000
      4       0       4  Conv   -1   0.419909   0.010000   0.040000   0.040000
      5       0       5  Conv   -1   0.518231   0.010000   0.050000   0.050000
      6       0       6  Conv   -1   0.613906   0.010000   0.060000   0.060000
      7       0       7  Conv   -1   0.706943   0.010000   0.070000   0.070000
      8       0       8  Conv   -1   0.797346   0.010000   0.080000   0.080000
      9       0       9  Conv   -1   0.885121   0.010000   0.090000   0.090000
     10       0      10  Conv   -1   0.970271   0.010000   0.100000   0.100000
     10       0      11         -1   1.052800   0.010000   0.100000   0.100000
     11       0      11  Conv   -2    .000000   0.010000   0.110000   0.110000
     12       0      12  Conv   -1   0.079909   0.010000   0.120000   0.120000
     13       0      13  Conv   -1   0.157201   0.010000   0.130000   0.130000
     14       0      14  Conv   -1   0.231876   0.010000   0.140000   0.140000
     15       0      15  Conv   -1   0.303933   0.010000   0.150000   0.150000
     16       0      16  Conv   -1   0.373373   0.010000   0.160000   0.160000
     17       0      17  Conv   -1   0.440194   0.010000   0.170000   0.170000
     18       0      18  Conv   -1   0.504394   0.010000   0.180000   0.180000
     19       0      19  Conv   -1   0.565970   0.010000   0.190000   0.190000
     20       0      20  Conv   -1   0.624920   0.010000   0.200000   0.200000
     21       0      21  Conv   -1   0.681238   0.010000   0.210000   0.210000
     22       0      22  Conv   -1   0.734922   0.010000   0.220000   0.220000
     23       0      23  Conv   -1   0.785966   0.010000   0.230000   0.230000
     24       0      24  Conv   -1   0.834365   0.010000   0.240000   0.240000
     25       0      25  Conv   -1   0.880114   0.010000   0.250000   0.250000
     26       0      26  Conv   -1   0.923206   0.010000   0.260000   0.260000
     27       0      27  Conv   -1   0.963635   0.010000   0.270000   0.270000
     27       0      28         -1   1.001395   0.010000   0.270000   0.270000
     28       0      28  Conv   -2    .000000   0.010000   0.280000   0.280000
     29       0      29  Conv   -1   0.035083   0.010000   0.290000   0.290000
     30       0      30  Conv   -1   0.067482   0.010000   0.300000   0.300000
     31       0      31  Conv   -1   0.097189   0.010000   0.310000   0.310000
     32       0      32  Conv   -1   0.124196   0.010000   0.320000   0.320000
     33       0      33  Conv   -1   0.148497   0.010000   0.330000   0.330000
     34       0      34  Conv   -1   0.170082   0.010000   0.340000   0.340000
     35       0      35  Conv   -1   0.188943   0.010000   0.350000   0.350000
     36       0      36  Conv   -1   0.205073   0.010000   0.360000   0.360000
     37       0      37  Conv   -1   0.218462   0.010000   0.370000   0.370000
     38       0      38  Conv   -1   0.229103   0.010000   0.380000   0.380000
     39       0      39  Conv   -1   0.236986   0.010000   0.390000   0.390000
     40       0      40  Conv   -1   0.242104   0.010000   0.400000   0.400000
     41       0      41  Conv   -1   0.244449   0.010000   0.410000   0.410000
     42       0      42  Conv   -1   0.244011   0.010000   0.420000   0.420000
     43       0      43  Conv   -1   0.240784   0.010000   0.430000   0.430000
     44       0      44  Conv   -1   0.234759   0.010000   0.440000   0.440000
     45       0      45  Conv   -1   0.225928   0.010000   0.450000   0.450000
     46       0      46  Conv   -1   0.214285   0.010000   0.460000   0.460000
     47       0      47  Conv   -1   0.199822   0.010000   0.470000   0.470000
     48       0      48  Conv   -1   0.182531   0.010000   0.480000   0.480000
     49       0      49  Conv   -1   0.162407   0.010000   0.490000   0.490000
     50       0      50  Conv   -1   0.139443   0.010000   0.500000   0.500000
     51       0      51  Conv   -1   0.113633   0.010000   0.510000   0.510000
     52       0      52  Conv   -1   0.084973   0.010000   0.520000   0.520000
     53       0      53  Conv   -1   0.053456   0.010000   0.530000   0.530000
     54       0      54  Conv   -1   0.019078   0.010000   0.540000   0.540000
     55       0      55  Conv   -1   0.018165   0.010000   0.550000   0.550000
     56       0      56  Conv   -1   0.058276   0.010000   0.560000   0.560000
     57       0      57  Conv   -1   0.101258   0.010000   0.570000   0.570000
     58       0      58  Conv   -1   0.147113   0.010000   0.580000   0.580000
     59       0      59  Conv   -1   0.195844   0.010000   0.590000   0.590000
     60       0      60  Conv   -1   0.247452   0.010000   0.600000   0.600000
     61       0      61  Conv   -1   0.301936   0.010000   0.610000   0.610000
     62       0      62  Conv   -1   0.359296   0.010000   0.620000   0.620000
     63       0      63  Conv   -1   0.419532   0.010000   0.630000   0.630000
     64       0      64  Conv   -1   0.482641   0.010000   0.640000   0.640000
     65       0      65  Conv   -1   0.548622   0.010000   0.650000   0.650000
     66       0      66  Conv   -1   0.617469   0.010000   0.660000   0.660000
     67       0      67  Conv   -1   0.689179   0.010000   0.670000   0.670000
     68       0      68  Conv   -1   0.763747   0.010000   0.680000   0.680000
     69       0      69  Conv   -1   0.841167   0.010000   0.690000   0.690000
     70       0      70  Conv   -1   0.921431   0.010000   0.700000   0.700000
     70       0      71         -1   1.004531   0.010000   0.700000   0.700000
     71       0      71  Conv   -2    .000000   0.010000   0.710000   0.710000
     72       0      72  Conv   -1   0.085927   0.010000   0.720000   0.720000
     73       0      73  Conv   -1   0.174672   0.010000   0.730000   0.730000
     74       0      74  Conv   -1   0.266222   0.010000   0.740000   0.740000
     75       0      75  Conv   -1   0.360566   0.010000   0.750000   0.750000
     76       0      76  Conv   -1   0.457690   0.010000   0.760000   0.760000
     77       0      77  Conv   -1   0.557579   0.010000   0.770000   0.770000
     78       0      78  Conv   -1   0.660218   0.010000   0.780000   0.780000
     79       0      79  Conv   -1   0.765590   0.010000   0.790000   0.790000
     80       0      80  Conv   -1   0.873676   0.010000   0.800000   0.800000
     81       0      81  Conv   -1   0.984457   0.010000   0.810000   0.810000
     81       0      82         -1   1.097913   0.010000   0.810000   0.810000
     82       0      82  Conv   -2    .000000   0.010000   0.820000   0.820000
     83       0      83  Conv   -1   0.116108   0.010000   0.830000   0.830000
     84       0      84  Conv   -1   0.234844   0.010000   0.840000   0.840000
     85       0      85  Conv   -1   0.356184   0.010000   0.850000   0.850000
     86       0      86  Conv   -1   0.480103   0.010000   0.860000   0.860000
     87       0      87  Conv   -1   0.606571   0.010000   0.870000   0.870000
     88       0      88  Conv   -1   0.735561   0.010000   0.880000   0.880000
     89       0      89  Conv   -1   0.867041   0.010000   0.890000   0.890000
     89       0      90         -1   1.000980   0.010000   0.890000   0.890000
     90       0      90  Conv   -2    .000000   0.010000   0.900000   0.900000
     91       0      91  Conv   -1   0.136364   0.010000   0.910000   0.910000
     92       0      92  Conv   -1   0.275119   0.010000   0.920000   0.920000
     93       0      93  Conv   -1   0.416227   0.010000   0.930000   0.930000
     94       0      94  Conv   -1   0.559650   0.010000   0.940000   0.940000
     95       0      95  Conv   -1   0.705348   0.010000   0.950000   0.950000
     96       0      96  Conv   -1   0.853281   0.010000   0.960000   0.960000
     96       0      97         -1   1.003404   0.010000   0.960000   0.960000
     97       0      97  Conv   -2    .000000   0.010000   0.970000   0.970000
     98       0      98  Conv   -1   0.152269   0.010000   0.980000   0.980000
     99       0      99  Conv   -1   0.306638   0.010000   0.990000   0.990000
    100       0     100  Conv   -1   0.463057   0.010000   1.000000   1.000000

 NUMBER OF STIFFNESS FORMATIONS/SOLUTIONS  =         100

 TIME FOR INITIALIZING ANALYSIS            =        0.00
 TIME FOR CONTROLLING ANALYSIS             =        0.00
 TIME FOR UPDATING LOADS AND STATE         =        0.02
 TIME FOR FORMING STIFFNESS MATRIX         =        0.00
 TIME FOR SOLVING STIFFNESS MATRIX         =        0.45
 TIME FOR CALCULATING DISPLACEMENTS        =        0.00
 TIME FOR DETERMINING EVENTS               =        0.00
 TIME FOR SAVING RESULTS                   =        0.00
                                               ----------
 TOTAL TIME FOR THIS ANALYSIS              =        0.47


 N O N L I N E A R   S T A T I C   A N A L Y S I S                      12:14:14

 CASE: FB-PD

 STARTING FROM ZERO (UNSTRESSED) INITIAL CONDITIONS

 LOAD CONTROL TYPE                         = CONJUGATE DISPLACEMENT
 SAVE POSITIVE INCREMENTS ONLY             =          NO
 TYPE OF GEOMETRIC NONLINEARITY            =     P-DELTA
 USE EVENT STEPPING                        =         YES
 USE ITERATION                             =         YES
 USE LINE SEARCH                           =          NO
 EVENT LUMPING TOLERANCE                   =    0.010000
 FORCE CONVERGENCE TOLERANCE (RELATIVE)    =    0.000100

 Negative iterations are Constant-Stiffness
 Positive iterations are Newton-Raphson

  Saved    Null   Total  Iteration   Relative  Curr Step   Curr Sum    Max Sum
  Steps   Steps   Steps  this Step  Unbalance       Size   of Steps   of Steps
 (  100      50     200     -10/40   1.000000   0.010000   1.000000   1.000000)

      1       0       1  Conv   -1   0.073257   0.010000   0.010000   0.010000
      2       0       2  Conv   -1   0.219772   0.010000   0.020000   0.020000
      3       0       3  Conv   -1   0.439544   0.010000   0.030000   0.030000
      4       0       4  Conv   -1   0.732574   0.010000   0.040000   0.040000
      4       0       5         -1   1.098861   0.010000   0.040000   0.040000
      5       0       5  Conv   -2    .000000   0.010000   0.050000   0.050000
      6       0       6  Conv   -1   0.439544   0.010000   0.060000   0.060000
      7       0       7  Conv   -1   0.952346   0.010000   0.070000   0.070000
      7       0       8         -1   1.538405   0.010000   0.070000   0.070000
      8       0       8  Conv   -2    .000000   0.010000   0.080000   0.080000
      9       0       9  Conv   -1   0.659316   0.010000   0.090000   0.090000
      9       0      10         -1   1.391890   0.010000   0.090000   0.090000
     10       0      10  Conv   -2    .000000   0.010000   0.100000   0.100000
     11       0      11  Conv   -1   0.805831   0.010000   0.110000   0.110000
     11       0      12         -1   1.684920   0.010000   0.110000   0.110000
     12       0      12  Conv   -2    .000000   0.010000   0.120000   0.120000
     13       0      13  Conv   -1   0.952346   0.010000   0.130000   0.130000
     13       0      14         -1   1.977949   0.010000   0.130000   0.130000
     14       0      14  Conv   -2    .000000   0.010000   0.140000   0.140000
     14       0      15         -1   1.098861   0.010000   0.140000   0.140000
     15       0      15  Conv   -2    .000000   0.010000   0.150000   0.150000
     15       0      16         -1   1.172118   0.010000   0.150000   0.150000
     16       0      16  Conv   -2    .000000   0.010000   0.160000   0.160000
     16       0      17         -1   1.245376   0.010000   0.160000   0.160000
     17       0      17  Conv   -2    .000000   0.010000   0.170000   0.170000
     17       0      18         -1   1.318633   0.010000   0.170000   0.170000
     18       0      18  Conv   -2    .000000   0.010000   0.180000   0.180000
     18       0      19         -1   1.391890   0.010000   0.180000   0.180000
     19       0      19  Conv   -2    .000000   0.010000   0.190000   0.190000
     19       0      20         -1   1.465148   0.010000   0.190000   0.190000
     20       0      20  Conv   -2    .000000   0.010000   0.200000   0.200000
     20       0      21         -1   1.538405   0.010000   0.200000   0.200000
     21       0      21  Conv   -2    .000000   0.010000   0.210000   0.210000
     21       0      22         -1   1.611663   0.010000   0.210000   0.210000
     22       0      22  Conv   -2    .000000   0.010000   0.220000   0.220000
     22       0      23         -1   1.684920   0.010000   0.220000   0.220000
     23       0      23  Conv   -2    .000000   0.010000   0.230000   0.230000
     23       0      24         -1   1.758177   0.010000   0.230000   0.230000
     24       0      24  Conv   -2    .000000   0.010000   0.240000   0.240000
     24       0      25         -1   1.831435   0.010000   0.240000   0.240000
     25       0      25  Conv   -2    .000000   0.010000   0.250000   0.250000
     25       0      26         -1   1.904692   0.010000   0.250000   0.250000
     26       0      26  Conv   -2   5.42E-15   0.010000   0.260000   0.260000
     26       0      27         -1   1.977949   0.010000   0.260000   0.260000
     27       0      27  Conv   -2   5.42E-15   0.010000   0.270000   0.270000
     27       0      28         -1   2.051207   0.010000   0.270000   0.270000
     28       0      28  Conv   -2    .000000   0.010000   0.280000   0.280000
     28       0      29         -1   2.124464   0.010000   0.280000   0.280000
     29       0      29  Conv   -2   2.71E-15   0.010000   0.290000   0.290000
     29       0      30         -1   2.197722   0.010000   0.290000   0.290000
     30       0      30  Conv   -2    .000000   0.010000   0.300000   0.300000
     30       0      31         -1   2.270979   0.010000   0.300000   0.300000
     31       0      31  Conv   -2   5.42E-15   0.010000   0.310000   0.310000
     31       0      32         -1   2.344236   0.010000   0.310000   0.310000
     32       0      32  Conv   -2    .000000   0.010000   0.320000   0.320000
     32       0      33         -1   2.417494   0.010000   0.320000   0.320000
     33       0      33  Conv   -2    .000000   0.010000   0.330000   0.330000
     33       0      34         -1   2.490751   0.010000   0.330000   0.330000
     34       0      34  Conv   -2   1.63E-14   0.010000   0.340000   0.340000
     34       0      35         -1   2.564009   0.010000   0.340000   0.340000
     35       0      35  Conv   -2   2.17E-14   0.010000   0.350000   0.350000
     35       0      36         -1   2.637266   0.010000   0.350000   0.350000
     36       0      36  Conv   -2   1.36E-15   0.010000   0.360000   0.360000
     36       0      37         -1   2.710523   0.010000   0.360000   0.360000
     37       0      37  Conv   -2    .000000   0.010000   0.370000   0.370000
     37       0      38         -1   2.783781   0.010000   0.370000   0.370000
     38       0      38  Conv   -2    .000000   0.010000   0.380000   0.380000
     38       0      39         -1   2.857038   0.010000   0.380000   0.380000
     39       0      39  Conv   -2   6.78E-16   0.010000   0.390000   0.390000
     39       0      40         -1   2.930296   0.010000   0.390000   0.390000
     40       0      40  Conv   -2   1.08E-14   0.010000   0.400000   0.400000
     40       0      41         -1   3.003553   0.010000   0.400000   0.400000
     41       0      41  Conv   -2    .000000   0.010000   0.410000   0.410000
     41       0      42         -1   3.076810   0.010000   0.410000   0.410000
     42       0      42  Conv   -2   1.15E-14   0.010000   0.420000   0.420000
     42       0      43         -1   3.150068   0.010000   0.420000   0.420000
     43       0      43  Conv   -2   2.17E-14   0.010000   0.430000   0.430000
     43       0      44         -1   3.223325   0.010000   0.430000   0.430000
     44       0      44  Conv   -2   1.08E-14   0.010000   0.440000   0.440000
     44       0      45         -1   3.296582   0.010000   0.440000   0.440000
     45       0      45  Conv   -2    .000000   0.010000   0.450000   0.450000
     45       0      46         -1   3.369840   0.010000   0.450000   0.450000
     46       0      46  Conv   -2   1.08E-14   0.010000   0.460000   0.460000
     46       0      47         -1   3.443097   0.010000   0.460000   0.460000
     47       0      47  Conv   -2    .000000   0.010000   0.470000   0.470000
     47       0      48         -1   3.516355   0.010000   0.470000   0.470000
     48       0      48  Conv   -2    .000000   0.010000   0.480000   0.480000
     48       0      49         -1   3.589612   0.010000   0.480000   0.480000
     49       0      49  Conv   -2   2.17E-14   0.010000   0.490000   0.490000
     49       0      50         -1   3.662869   0.010000   0.490000   0.490000
     50       0      50  Conv   -2    .000000   0.010000   0.500000   0.500000
     50       0      51         -1   3.736127   0.010000   0.500000   0.500000
     51       0      51  Conv   -2    .000000   0.010000   0.510000   0.510000
     51       0      52         -1   3.809384   0.010000   0.510000   0.510000
     52       0      52  Conv   -2    .000000   0.010000   0.520000   0.520000
     52       0      53         -1   3.882642   0.010000   0.520000   0.520000
     53       0      53  Conv   -2    .000000   0.010000   0.530000   0.530000
     53       0      54         -1   3.955899   0.010000   0.530000   0.530000
     54       0      54  Conv   -2    .000000   0.010000   0.540000   0.540000
     54       0      55         -1   4.029156   0.010000   0.540000   0.540000
     55       0      55  Conv   -2    .000000   0.010000   0.550000   0.550000
     55       0      56         -1   4.102414   0.010000   0.550000   0.550000
     56       0      56  Conv   -2    .000000   0.010000   0.560000   0.560000
     56       0      57         -1   4.175671   0.010000   0.560000   0.560000
     57       0      57  Conv   -2    .000000   0.010000   0.570000   0.570000
     57       0      58         -1   4.248928   0.010000   0.570000   0.570000
     58       0      58  Conv   -2    .000000   0.010000   0.580000   0.580000
     58       0      59         -1   4.322186   0.010000   0.580000   0.580000
     59       0      59  Conv   -2    .000000   0.010000   0.590000   0.590000
     59       0      60         -1   4.395443   0.010000   0.590000   0.590000
     60       0      60  Conv   -2    .000000   0.010000   0.600000   0.600000
     60       0      61         -1   4.468701   0.010000   0.600000   0.600000
     61       0      61  Conv   -2    .000000   0.010000   0.610000   0.610000
     61       0      62         -1   4.541958   0.010000   0.610000   0.610000
     62       0      62  Conv   -2    .000000   0.010000   0.620000   0.620000
     62       0      63         -1   4.615215   0.010000   0.620000   0.620000
     63       0      63  Conv   -2    .000000   0.010000   0.630000   0.630000
     63       0      64         -1   4.688473   0.010000   0.630000   0.630000
     64       0      64  Conv   -2    .000000   0.010000   0.640000   0.640000
     64       0      65         -1   4.761730   0.010000   0.640000   0.640000
     65       0      65  Conv   -2    .000000   0.010000   0.650000   0.650000
     65       0      66         -1   4.834988   0.010000   0.650000   0.650000
     66       0      66  Conv   -2    .000000   0.010000   0.660000   0.660000
     66       0      67         -1   4.908245   0.010000   0.660000   0.660000
     67       0      67  Conv   -2    .000000   0.010000   0.670000   0.670000
     67       0      68         -1   4.981502   0.010000   0.670000   0.670000
     68       0      68  Conv   -2    .000000   0.010000   0.680000   0.680000
     68       0      69         -1   5.054760   0.010000   0.680000   0.680000
     69       0      69  Conv   -2    .000000   0.010000   0.690000   0.690000
     69       0      70         -1   5.128017   0.010000   0.690000   0.690000
     70       0      70  Conv   -2    .000000   0.010000   0.700000   0.700000
     70       0      71         -1   5.201275   0.010000   0.700000   0.700000
     71       0      71  Conv   -2    .000000   0.010000   0.710000   0.710000
     71       0      72         -1   5.274532   0.010000   0.710000   0.710000
     72       0      72  Conv   -2    .000000   0.010000   0.720000   0.720000
     72       0      73         -1   5.347789   0.010000   0.720000   0.720000
     73       0      73  Conv   -2    .000000   0.010000   0.730000   0.730000
     73       0      74         -1   5.421047   0.010000   0.730000   0.730000
     74       0      74  Conv   -2    .000000   0.010000   0.740000   0.740000
     74       0      75         -1   5.494304   0.010000   0.740000   0.740000
     75       0      75  Conv   -2    .000000   0.010000   0.750000   0.750000
     75       0      76         -1   5.567561   0.010000   0.750000   0.750000
     76       0      76  Conv   -2    .000000   0.010000   0.760000   0.760000
     76       0      77         -1   5.640819   0.010000   0.760000   0.760000
     77       0      77  Conv   -2    .000000   0.010000   0.770000   0.770000
     77       0      78         -1   5.714076   0.010000   0.770000   0.770000
     78       0      78  Conv   -2    .000000   0.010000   0.780000   0.780000
     78       0      79         -1   5.787334   0.010000   0.780000   0.780000
     79       0      79  Conv   -2    .000000   0.010000   0.790000   0.790000
     79       0      80         -1   5.860591   0.010000   0.790000   0.790000
     80       0      80  Conv   -2    .000000   0.010000   0.800000   0.800000
     80       0      81         -1   5.933848   0.010000   0.800000   0.800000
     81       0      81  Conv   -2    .000000   0.010000   0.810000   0.810000
     81       0      82         -1   6.007106   0.010000   0.810000   0.810000
     82       0      82  Conv   -2    .000000   0.010000   0.820000   0.820000
     82       0      83         -1   6.080363   0.010000   0.820000   0.820000
     83       0      83  Conv   -2    .000000   0.010000   0.830000   0.830000
     83       0      84         -1   6.153621   0.010000   0.830000   0.830000
     84       0      84  Conv   -2    .000000   0.010000   0.840000   0.840000
     84       0      85         -1   6.226878   0.010000   0.840000   0.840000
     85       0      85  Conv   -2    .000000   0.010000   0.850000   0.850000
     85       0      86         -1   6.300135   0.010000   0.850000   0.850000
     86       0      86  Conv   -2    .000000   0.010000   0.860000   0.860000
     86       0      87         -1   6.373393   0.010000   0.860000   0.860000
     87       0      87  Conv   -2    .000000   0.010000   0.870000   0.870000
     87       0      88         -1   6.446650   0.010000   0.870000   0.870000
     88       0      88  Conv   -2    .000000   0.010000   0.880000   0.880000
     88       0      89         -1   6.519908   0.010000   0.880000   0.880000
     89       0      89  Conv   -2    .000000   0.010000   0.890000   0.890000
     89       0      90         -1   6.593165   0.010000   0.890000   0.890000
     90       0      90  Conv   -2    .000000   0.010000   0.900000   0.900000
     90       0      91         -1   6.666422   0.010000   0.900000   0.900000
     91       0      91  Conv   -2    .000000   0.010000   0.910000   0.910000
     91       0      92         -1   6.739680   0.010000   0.910000   0.910000
     92       0      92  Conv   -2    .000000   0.010000   0.920000   0.920000
     92       0      93         -1   6.812937   0.010000   0.920000   0.920000
     93       0      93  Conv   -2    .000000   0.010000   0.930000   0.930000
     93       0      94         -1   6.886194   0.010000   0.930000   0.930000
     94       0      94  Conv   -2    .000000   0.010000   0.940000   0.940000
     94       0      95         -1   6.959452   0.010000   0.940000   0.940000
     95       0      95  Conv   -2    .000000   0.010000   0.950000   0.950000
     95       0      96         -1   7.032709   0.010000   0.950000   0.950000
     96       0      96  Conv   -2    .000000   0.010000   0.960000   0.960000
     96       0      97         -1   7.105967   0.010000   0.960000   0.960000
     97       0      97  Conv   -2    .000000   0.010000   0.970000   0.970000
     97       0      98         -1   7.179224   0.010000   0.970000   0.970000
     98       0      98  Conv   -2    .000000   0.010000   0.980000   0.980000
     98       0      99         -1   7.252481   0.010000   0.980000   0.980000
     99       0      99  Conv   -2    .000000   0.010000   0.990000   0.990000
     99       0     100         -1   7.325739   0.010000   0.990000   0.990000
    100       0     100  Conv   -2   8.67E-14   0.010000   1.000000   1.000000

 NUMBER OF STIFFNESS FORMATIONS/SOLUTIONS  =         100

 TIME FOR INITIALIZING ANALYSIS            =        0.01
 TIME FOR CONTROLLING ANALYSIS             =        0.02
 TIME FOR UPDATING LOADS AND STATE         =        0.02
 TIME FOR FORMING STIFFNESS MATRIX         =        0.00
 TIME FOR SOLVING STIFFNESS MATRIX         =        0.44
 TIME FOR CALCULATING DISPLACEMENTS        =        0.05
 TIME FOR DETERMINING EVENTS               =        0.00
 TIME FOR SAVING RESULTS                   =        0.02
                                               ----------
 TOTAL TIME FOR THIS ANALYSIS              =        0.56


 N O N L I N E A R   S T A T I C   A N A L Y S I S                      12:14:15

 CASE: FB+Q0-CR

 STARTING FROM ZERO (UNSTRESSED) INITIAL CONDITIONS

 LOAD CONTROL TYPE                         = DISPLACEMENT
 SAVE POSITIVE INCREMENTS ONLY             =          NO
 TYPE OF GEOMETRIC NONLINEARITY            = LARGE DISPLACEMENT AND P-DELTA
 USE EVENT STEPPING                        =         YES
 USE ITERATION                             =         YES
 USE LINE SEARCH                           =          NO
 EVENT LUMPING TOLERANCE                   =    0.010000
 FORCE CONVERGENCE TOLERANCE (RELATIVE)    =    0.000100

 Negative iterations are Constant-Stiffness
 Positive iterations are Newton-Raphson

  Saved    Null   Total  Iteration   Relative  Curr Step   Curr Sum    Max Sum
  Steps   Steps   Steps  this Step  Unbalance       Size   of Steps   of Steps
 (  100      50     200     -10/40   1.000000   0.010000   1.000000   1.000000)

      1       0       1  Conv   -1   0.000703   0.010000   0.010000   0.010000
      2       0       2  Conv   -1   0.001404   0.010000   0.020000   0.020000
      3       0       3  Conv   -1   0.002104   0.010000   0.030000   0.030000
      4       0       4  Conv   -1   0.002803   0.010000   0.040000   0.040000
      5       0       5  Conv   -1   0.003500   0.010000   0.050000   0.050000
      6       0       6  Conv   -1   0.004196   0.010000   0.060000   0.060000
      7       0       7  Conv   -1   0.004891   0.010000   0.070000   0.070000
      8       0       8  Conv   -1   0.005585   0.010000   0.080000   0.080000
      9       0       9  Conv   -1   0.006277   0.010000   0.090000   0.090000
     10       0      10  Conv   -1   0.006967   0.010000   0.100000   0.100000
     11       0      11  Conv   -1   0.007657   0.010000   0.110000   0.110000
     12       0      12  Conv   -1   0.008345   0.010000   0.120000   0.120000
     13       0      13  Conv   -1   0.009032   0.010000   0.130000   0.130000
     14       0      14  Conv   -1   0.009717   0.010000   0.140000   0.140000
     15       0      15  Conv   -1   0.010402   0.010000   0.150000   0.150000
     16       0      16  Conv   -1   0.011085   0.010000   0.160000   0.160000
     17       0      17  Conv   -1   0.011767   0.010000   0.170000   0.170000
     18       0      18  Conv   -1   0.012447   0.010000   0.180000   0.180000
     19       0      19  Conv   -1   0.013127   0.010000   0.190000   0.190000
     20       0      20  Conv   -1   0.013805   0.010000   0.200000   0.200000
     21       0      21  Conv   -1   0.014481   0.010000   0.210000   0.210000
     22       0      22  Conv   -1   0.015157   0.010000   0.220000   0.220000
     23       0      23  Conv   -1   0.015832   0.010000   0.230000   0.230000
     24       0      24  Conv   -1   0.016505   0.010000   0.240000   0.240000
     25       0      25  Conv   -1   0.017177   0.010000   0.250000   0.250000
     26       0      26  Conv   -1   0.017848   0.010000   0.260000   0.260000
     27       0      27  Conv   -1   0.018517   0.010000   0.270000   0.270000
     28       0      28  Conv   -1   0.019186   0.010000   0.280000   0.280000
     29       0      29  Conv   -1   0.019853   0.010000   0.290000   0.290000
     30       0      30  Conv   -1   0.020519   0.010000   0.300000   0.300000
     31       0      31  Conv   -1   0.021184   0.010000   0.310000   0.310000
     32       0      32  Conv   -1   0.021848   0.010000   0.320000   0.320000
     33       0      33  Conv   -1   0.022511   0.010000   0.330000   0.330000
     34       0      34  Conv   -1   0.023172   0.010000   0.340000   0.340000
     35       0      35  Conv   -1   0.023833   0.010000   0.350000   0.350000
     36       0      36  Conv   -1   0.024492   0.010000   0.360000   0.360000
     37       0      37  Conv   -1   0.025150   0.010000   0.370000   0.370000
     38       0      38  Conv   -1   0.025807   0.010000   0.380000   0.380000
     39       0      39  Conv   -1   0.026463   0.010000   0.390000   0.390000
     40       0      40  Conv   -1   0.027118   0.010000   0.400000   0.400000
     41       0      41  Conv   -1   0.027772   0.010000   0.410000   0.410000
     42       0      42  Conv   -1   0.028425   0.010000   0.420000   0.420000
     43       0      43  Conv   -1   0.029076   0.010000   0.430000   0.430000
     44       0      44  Conv   -1   0.029727   0.010000   0.440000   0.440000
     45       0      45  Conv   -1   0.030376   0.010000   0.450000   0.450000
     46       0      46  Conv   -1   0.031025   0.010000   0.460000   0.460000
     47       0      47  Conv   -1   0.031672   0.010000   0.470000   0.470000
     48       0      48  Conv   -1   0.032318   0.010000   0.480000   0.480000
     49       0      49  Conv   -1   0.032963   0.010000   0.490000   0.490000
     50       0      50  Conv   -1   0.033608   0.010000   0.500000   0.500000
     51       0      51  Conv   -1   0.034251   0.010000   0.510000   0.510000
     52       0      52  Conv   -1   0.034893   0.010000   0.520000   0.520000
     53       0      53  Conv   -1   0.035534   0.010000   0.530000   0.530000
     54       0      54  Conv   -1   0.036174   0.010000   0.540000   0.540000
     55       0      55  Conv   -1   0.036813   0.010000   0.550000   0.550000
     56       0      56  Conv   -1   0.037452   0.010000   0.560000   0.560000
     57       0      57  Conv   -1   0.038089   0.010000   0.570000   0.570000
     58       0      58  Conv   -1   0.038725   0.010000   0.580000   0.580000
     59       0      59  Conv   -1   0.039360   0.010000   0.590000   0.590000
     60       0      60  Conv   -1   0.039994   0.010000   0.600000   0.600000
     61       0      61  Conv   -1   0.040627   0.010000   0.610000   0.610000
     62       0      62  Conv   -1   0.041260   0.010000   0.620000   0.620000
     63       0      63  Conv   -1   0.041891   0.010000   0.630000   0.630000
     64       0      64  Conv   -1   0.042521   0.010000   0.640000   0.640000
     65       0      65  Conv   -1   0.043150   0.010000   0.650000   0.650000
     66       0      66  Conv   -1   0.043779   0.010000   0.660000   0.660000
     67       0      67  Conv   -1   0.044406   0.010000   0.670000   0.670000
     68       0      68  Conv   -1   0.045033   0.010000   0.680000   0.680000
     69       0      69  Conv   -1   0.045658   0.010000   0.690000   0.690000
     70       0      70  Conv   -1   0.046283   0.010000   0.700000   0.700000
     71       0      71  Conv   -1   0.046907   0.010000   0.710000   0.710000
     72       0      72  Conv   -1   0.047530   0.010000   0.720000   0.720000
     73       0      73  Conv   -1   0.048151   0.010000   0.730000   0.730000
     74       0      74  Conv   -1   0.048772   0.010000   0.740000   0.740000
     75       0      75  Conv   -1   0.049392   0.010000   0.750000   0.750000
     76       0      76  Conv   -1   0.050012   0.010000   0.760000   0.760000
     77       0      77  Conv   -1   0.050630   0.010000   0.770000   0.770000
     78       0      78  Conv   -1   0.051247   0.010000   0.780000   0.780000
     79       0      79  Conv   -1   0.051864   0.010000   0.790000   0.790000
     80       0      80  Conv   -1   0.052479   0.010000   0.800000   0.800000
     81       0      81  Conv   -1   0.053094   0.010000   0.810000   0.810000
     82       0      82  Conv   -1   0.053708   0.010000   0.820000   0.820000
     83       0      83  Conv   -1   0.054321   0.010000   0.830000   0.830000
     84       0      84  Conv   -1   0.054933   0.010000   0.840000   0.840000
     85       0      85  Conv   -1   0.055545   0.010000   0.850000   0.850000
     86       0      86  Conv   -1   0.056155   0.010000   0.860000   0.860000
     87       0      87  Conv   -1   0.056765   0.010000   0.870000   0.870000
     88       0      88  Conv   -1   0.057373   0.010000   0.880000   0.880000
     89       0      89  Conv   -1   0.057981   0.010000   0.890000   0.890000
     90       0      90  Conv   -1   0.058588   0.010000   0.900000   0.900000
     91       0      91  Conv   -1   0.059194   0.010000   0.910000   0.910000
     92       0      92  Conv   -1   0.059800   0.010000   0.920000   0.920000
     93       0      93  Conv   -1   0.060404   0.010000   0.930000   0.930000
     94       0      94  Conv   -1   0.061008   0.010000   0.940000   0.940000
     95       0      95  Conv   -1   0.061611   0.010000   0.950000   0.950000
     96       0      96  Conv   -1   0.062213   0.010000   0.960000   0.960000
     97       0      97  Conv   -1   0.062815   0.010000   0.970000   0.970000
     98       0      98  Conv   -1   0.063415   0.010000   0.980000   0.980000
     99       0      99  Conv   -1   0.064015   0.010000   0.990000   0.990000
    100       0     100  Conv   -1   0.064614   0.010000   1.000000   1.000000

 NUMBER OF STIFFNESS FORMATIONS/SOLUTIONS  =         100

 TIME FOR INITIALIZING ANALYSIS            =        0.00
 TIME FOR CONTROLLING ANALYSIS             =        0.00
 TIME FOR UPDATING LOADS AND STATE         =        0.00
 TIME FOR FORMING STIFFNESS MATRIX         =        0.01
 TIME FOR SOLVING STIFFNESS MATRIX         =        0.44
 TIME FOR CALCULATING DISPLACEMENTS        =        0.04
 TIME FOR DETERMINING EVENTS               =        0.00
 TIME FOR SAVING RESULTS                   =        0.01
                                               ----------
 TOTAL TIME FOR THIS ANALYSIS              =        0.50


 N O N L I N E A R   S T A T I C   A N A L Y S I S                      12:14:15

 CASE: FB+Q0-PD

 STARTING FROM ZERO (UNSTRESSED) INITIAL CONDITIONS

 LOAD CONTROL TYPE                         = DISPLACEMENT
 SAVE POSITIVE INCREMENTS ONLY             =          NO
 TYPE OF GEOMETRIC NONLINEARITY            =     P-DELTA
 USE EVENT STEPPING                        =         YES
 USE ITERATION                             =         YES
 USE LINE SEARCH                           =          NO
 EVENT LUMPING TOLERANCE                   =    0.010000
 FORCE CONVERGENCE TOLERANCE (RELATIVE)    =    0.000100

 Negative iterations are Constant-Stiffness
 Positive iterations are Newton-Raphson

  Saved    Null   Total  Iteration   Relative  Curr Step   Curr Sum    Max Sum
  Steps   Steps   Steps  this Step  Unbalance       Size   of Steps   of Steps
 (  100      50     200     -10/40   1.000000   0.010000   1.000000   1.000000)

      1       0       1  Conv   -1   0.000469   0.010000   0.010000   0.010000
      2       0       2  Conv   -1   0.001407   0.010000   0.020000   0.020000
      3       0       3  Conv   -1   0.002813   0.010000   0.030000   0.030000
      4       0       4  Conv   -1   0.004688   0.010000   0.040000   0.040000
      5       0       5  Conv   -1   0.007033   0.010000   0.050000   0.050000
      6       0       6  Conv   -1   0.009846   0.010000   0.060000   0.060000
      7       0       7  Conv   -1   0.013128   0.010000   0.070000   0.070000
      8       0       8  Conv   -1   0.016879   0.010000   0.080000   0.080000
      9       0       9  Conv   -1   0.021098   0.010000   0.090000   0.090000
     10       0      10  Conv   -1   0.025787   0.010000   0.100000   0.100000
     11       0      11  Conv   -1   0.030944   0.010000   0.110000   0.110000
     12       0      12  Conv   -1   0.036570   0.010000   0.120000   0.120000
     13       0      13  Conv   -1   0.042665   0.010000   0.130000   0.130000
     14       0      14  Conv   -1   0.049229   0.010000   0.140000   0.140000
     15       0      15  Conv   -1   0.056262   0.010000   0.150000   0.150000
     16       0      16  Conv   -1   0.063763   0.010000   0.160000   0.160000
     17       0      17  Conv   -1   0.071734   0.010000   0.170000   0.170000
     18       0      18  Conv   -1   0.080173   0.010000   0.180000   0.180000
     19       0      19  Conv   -1   0.089081   0.010000   0.190000   0.190000
     20       0      20  Conv   -1   0.098458   0.010000   0.200000   0.200000
     21       0      21  Conv   -1   0.108304   0.010000   0.210000   0.210000
     22       0      22  Conv   -1   0.118618   0.010000   0.220000   0.220000
     23       0      23  Conv   -1   0.129402   0.010000   0.230000   0.230000
     24       0      24  Conv   -1   0.140654   0.010000   0.240000   0.240000
     25       0      25  Conv   -1   0.152375   0.010000   0.250000   0.250000
     26       0      26  Conv   -1   0.164565   0.010000   0.260000   0.260000
     27       0      27  Conv   -1   0.177224   0.010000   0.270000   0.270000
     28       0      28  Conv   -1   0.190352   0.010000   0.280000   0.280000
     29       0      29  Conv   -1   0.203949   0.010000   0.290000   0.290000
     30       0      30  Conv   -1   0.218014   0.010000   0.300000   0.300000
     31       0      31  Conv   -1   0.232548   0.010000   0.310000   0.310000
     32       0      32  Conv   -1   0.247551   0.010000   0.320000   0.320000
     33       0      33  Conv   -1   0.263023   0.010000   0.330000   0.330000
     34       0      34  Conv   -1   0.278964   0.010000   0.340000   0.340000
     35       0      35  Conv   -1   0.295374   0.010000   0.350000   0.350000
     36       0      36  Conv   -1   0.312252   0.010000   0.360000   0.360000
     37       0      37  Conv   -1   0.329600   0.010000   0.370000   0.370000
     38       0      38  Conv   -1   0.347416   0.010000   0.380000   0.380000
     39       0      39  Conv   -1   0.365701   0.010000   0.390000   0.390000
     40       0      40  Conv   -1   0.384455   0.010000   0.400000   0.400000
     41       0      41  Conv   -1   0.403678   0.010000   0.410000   0.410000
     42       0      42  Conv   -1   0.423369   0.010000   0.420000   0.420000
     43       0      43  Conv   -1   0.443530   0.010000   0.430000   0.430000
     44       0      44  Conv   -1   0.464159   0.010000   0.440000   0.440000
     45       0      45  Conv   -1   0.485257   0.010000   0.450000   0.450000
     46       0      46  Conv   -1   0.506824   0.010000   0.460000   0.460000
     47       0      47  Conv   -1   0.528860   0.010000   0.470000   0.470000
     48       0      48  Conv   -1   0.551364   0.010000   0.480000   0.480000
     49       0      49  Conv   -1   0.574338   0.010000   0.490000   0.490000
     50       0      50  Conv   -1   0.597780   0.010000   0.500000   0.500000
     51       0      51  Conv   -1   0.621691   0.010000   0.510000   0.510000
     52       0      52  Conv   -1   0.646072   0.010000   0.520000   0.520000
     53       0      53  Conv   -1   0.670920   0.010000   0.530000   0.530000
     54       0      54  Conv   -1   0.696238   0.010000   0.540000   0.540000
     55       0      55  Conv   -1   0.722025   0.010000   0.550000   0.550000
     56       0      56  Conv   -1   0.748280   0.010000   0.560000   0.560000
     57       0      57  Conv   -1   0.775005   0.010000   0.570000   0.570000
     58       0      58  Conv   -1   0.802198   0.010000   0.580000   0.580000
     59       0      59  Conv   -1   0.829860   0.010000   0.590000   0.590000
     60       0      60  Conv   -1   0.857991   0.010000   0.600000   0.600000
     61       0      61  Conv   -1   0.886590   0.010000   0.610000   0.610000
     62       0      62  Conv   -1   0.915659   0.010000   0.620000   0.620000
     63       0      63  Conv   -1   0.945196   0.010000   0.630000   0.630000
     64       0      64  Conv   -1   0.975202   0.010000   0.640000   0.640000
     64       0      65         -1   1.005677   0.010000   0.640000   0.640000
     65       0      65  Conv   -2   4.21E-10   0.010000   0.650000   0.650000
     66       0      66  Conv   -1   0.030944   0.010000   0.660000   0.660000
     67       0      67  Conv   -1   0.062357   0.010000   0.670000   0.670000
     68       0      68  Conv   -1   0.094238   0.010000   0.680000   0.680000
     69       0      69  Conv   -1   0.126589   0.010000   0.690000   0.690000
     70       0      70  Conv   -1   0.159408   0.010000   0.700000   0.700000
     71       0      71  Conv   -1   0.192696   0.010000   0.710000   0.710000
     72       0      72  Conv   -1   0.226453   0.010000   0.720000   0.720000
     73       0      73  Conv   -1   0.260679   0.010000   0.730000   0.730000
     74       0      74  Conv   -1   0.295374   0.010000   0.740000   0.740000
     75       0      75  Conv   -1   0.330537   0.010000   0.750000   0.750000
     76       0      76  Conv   -1   0.366170   0.010000   0.760000   0.760000
     77       0      77  Conv   -1   0.402271   0.010000   0.770000   0.770000
     78       0      78  Conv   -1   0.438841   0.010000   0.780000   0.780000
     79       0      79  Conv   -1   0.475880   0.010000   0.790000   0.790000
     80       0      80  Conv   -1   0.513388   0.010000   0.800000   0.800000
     81       0      81  Conv   -1   0.551364   0.010000   0.810000   0.810000
     82       0      82  Conv   -1   0.589810   0.010000   0.820000   0.820000
     83       0      83  Conv   -1   0.628724   0.010000   0.830000   0.830000
     84       0      84  Conv   -1   0.668107   0.010000   0.840000   0.840000
     85       0      85  Conv   -1   0.707959   0.010000   0.850000   0.850000
     86       0      86  Conv   -1   0.748280   0.010000   0.860000   0.860000
     87       0      87  Conv   -1   0.789070   0.010000   0.870000   0.870000
     88       0      88  Conv   -1   0.830329   0.010000   0.880000   0.880000
     89       0      89  Conv   -1   0.872056   0.010000   0.890000   0.890000
     90       0      90  Conv   -1   0.914252   0.010000   0.900000   0.900000
     91       0      91  Conv   -1   0.956917   0.010000   0.910000   0.910000
     91       0      92         -1   1.000051   0.010000   0.910000   0.910000
     92       0      92  Conv   -2   4.18E-10   0.010000   0.920000   0.920000
     93       0      93  Conv   -1   0.043603   0.010000   0.930000   0.930000
     94       0      94  Conv   -1   0.087674   0.010000   0.940000   0.940000
     95       0      95  Conv   -1   0.132215   0.010000   0.950000   0.950000
     96       0      96  Conv   -1   0.177224   0.010000   0.960000   0.960000
     97       0      97  Conv   -1   0.222702   0.010000   0.970000   0.970000
     98       0      98  Conv   -1   0.268649   0.010000   0.980000   0.980000
     99       0      99  Conv   -1   0.315065   0.010000   0.990000   0.990000
    100       0     100  Conv   -1   0.361950   0.010000   1.000000   1.000000

 NUMBER OF STIFFNESS FORMATIONS/SOLUTIONS  =         100

 TIME FOR INITIALIZING ANALYSIS            =        0.00
 TIME FOR CONTROLLING ANALYSIS             =        0.00
 TIME FOR UPDATING LOADS AND STATE         =        0.02
 TIME FOR FORMING STIFFNESS MATRIX         =        0.02
 TIME FOR SOLVING STIFFNESS MATRIX         =        0.32
 TIME FOR CALCULATING DISPLACEMENTS        =        0.02
 TIME FOR DETERMINING EVENTS               =        0.00
 TIME FOR SAVING RESULTS                   =        0.04
                                               ----------
 TOTAL TIME FOR THIS ANALYSIS              =        0.42


 N O N L I N E A R   S T A T I C   A N A L Y S I S                      12:14:16

 CASE: ACASE1

 STARTING FROM ZERO (UNSTRESSED) INITIAL CONDITIONS

 LOAD CONTROL TYPE                         =       FORCE
 TYPE OF GEOMETRIC NONLINEARITY            = LARGE DISPLACEMENT AND P-DELTA
 USE EVENT STEPPING                        =         YES
 USE ITERATION                             =         YES
 USE LINE SEARCH                           =          NO
 EVENT LUMPING TOLERANCE                   =    0.010000
 FORCE CONVERGENCE TOLERANCE (RELATIVE)    =    0.000100

 Negative iterations are Constant-Stiffness
 Positive iterations are Newton-Raphson

  Saved    Null   Total  Iteration   Relative  Curr Step   Curr Sum    Max Sum
  Steps   Steps   Steps  this Step  Unbalance       Size   of Steps   of Steps
 (    1      50     200     -10/40   1.000000   1.000000   1.000000   1.000000)

      0       0       1         -1 109797.559   1.000000    .000000    .000000
      0       0       1         -2 2.4700E+07   1.000000    .000000    .000000
      0       0       1         -3 5.5576E+09   1.000000    .000000    .000000
      0       0       1         -4 1.2505E+12   1.000000    .000000    .000000
      0       0       1          1  59182.647   1.000000    .000000    .000000
      0       0       1          2   8954.315   1.000000    .000000    .000000
      0       0       1          3   4623.570   1.000000    .000000    .000000
      0       0       1          4   1141.580   1.000000    .000000    .000000
      0       0       1          5 128.436910   1.000000    .000000    .000000
      0       0       1          6  10.611181   1.000000    .000000    .000000
      0       0       1  Conv    7   0.842146   1.000000   1.000000   1.000000

 ----------------------------------------
 BASIC STABILITY CHECK FOR FORCE-CONTROLLED NONLINEAR STATIC LOAD CASES:
    NUMBER OF NEGATIVE STIFFNESS EIGENVALUES SHOULD BE ZERO FOR STABILITY.
    (NOTE: FURTHER CHECKS SHOULD BE CONSIDERED AS DEEMED NECESSARY)

    NUMBER FOUND AT FINAL CONVERGED STATE  =           0,  OK.
 ----------------------------------------

 NUMBER OF STIFFNESS FORMATIONS/SOLUTIONS  =           8

 TIME FOR INITIALIZING ANALYSIS            =        0.00
 TIME FOR CONTROLLING ANALYSIS             =        0.21
 TIME FOR UPDATING LOADS AND STATE         =        0.00
 TIME FOR FORMING STIFFNESS MATRIX         =        0.00
 TIME FOR SOLVING STIFFNESS MATRIX         =        0.05
 TIME FOR CALCULATING DISPLACEMENTS        =        0.00
 TIME FOR DETERMINING EVENTS               =        0.02
 TIME FOR SAVING RESULTS                   =        0.00
                                               ----------
 TOTAL TIME FOR THIS ANALYSIS              =        0.28


 A N A L Y S I S   C O M P L E T E                          2020/04/19  12:14:16
